<?xml version="1.0" encoding="UTF-8"?>
<!-- Generated by org.testng.reporters.JUnitXMLReporter -->
<testsuite ignored="0" hostname="DESKTOP-UDLF9OL" failures="1" tests="4" name="Test" time="4.05" errors="0" timestamp="01 Dec 2023 13:57:14 GMT">
  <testcase classname="Com.Test.LoginTest" name="Test01" time="3.432"/>
  <testcase classname="Com.Test.LoginTest" name="Test02" time="0.185"/>
  <testcase classname="Com.Test.LoginTest" name="Test03" time="0.004">
    <skipped/>
  </testcase> <!-- Test03 -->
  <testcase classname="Com.Test.LoginTest" name="Test04" time="0.005">
    <failure type="java.lang.AssertionError" message="expected [true] but found [false]">
      <![CDATA[java.lang.AssertionError: expected [true] but found [false]
at Com.Test.LoginTest.Test04(LoginTest.java:38)
... Removed 29 stack frames]]>
    </failure>
  </testcase> <!-- Test04 -->
</testsuite> <!-- Test -->
